2020-12-06 18:00:34,336 INFO  [log] Testcase name is TestCase 1
2020-12-06 18:00:34,343 INFO  [log] TestSuite name is TestSuite 2
2020-12-06 18:00:34,376 INFO  [log] Request is <soap:Envelope xmlns:soap="http://www.w3.org/2003/05/soap-envelope" xmlns:def="http://soap.upskills.in/soap/default?services=customerCustomerRepositoryV1">
   <soap:Header/>
   <soap:Body>
      <def:customerCustomerRepositoryV1SaveRequest>
         <customer>
               <!--email should be unique for each request-->
<email>johndoe20062020@gmail.com</email>
<firstname>John</firstname>
<lastname>Doe</lastname>
<dob>1990-05-29</dob>
<addresses>
	<item>
		<region>
		    <!--enter valid region code-->
			<regionCode>KA</regionCode>
			<region>Karnataka</region>
		</region>
		<!--enter valid country id-->
		<countryId>IN</countryId>
		<street>
			<item>#55, 1 st Main Road</item>
		</street>
		<telephone>+91 9876543210</telephone>
		<postcode>560023</postcode>
		<city>Bengaluru</city>
		<firstname>John</firstname>
		<lastname>Doe</lastname>
		<defaultShipping>true</defaultShipping>
		<defaultBilling>true</defaultBilling>
	</item>
</addresses>
     
         
         </customer>
      </def:customerCustomerRepositoryV1SaveRequest>
   </soap:Body>
</soap:Envelope>
2020-12-06 18:00:34,398 INFO  [log] johndoe20062020@gmail.com
2020-12-06 18:00:34,399 INFO  [log] First name is John
2020-12-06 18:00:34,400 INFO  [log] Last name Doe
2020-12-06 18:00:34,597 INFO  [log] Updated Xml is <soap:Envelope xmlns:soap="http://www.w3.org/2003/05/soap-envelope" xmlns:def="http://soap.upskills.in/soap/default?services=customerCustomerRepositoryV1">
   <soap:Header/>
   <soap:Body>
      <def:customerCustomerRepositoryV1SaveRequest>
         <customer>
               <!--email should be unique for each request-->
<email>johndoe20062020@gmail.com</email>
<firstname>John</firstname>
<lastname>Doe</lastname>
<dob>1990-05-29</dob>
<addresses>
	<item>
		<region>
		    <!--enter valid region code-->
			<regionCode>KA</regionCode>
			<region>Karnataka</region>
		</region>
		<!--enter valid country id-->
		<countryId>IN</countryId>
		<street>
			<item>#55, 1 st Main Road</item>
		</street>
		<telephone>+91 9876543210</telephone>
		<postcode>560023</postcode>
		<city>Bengaluru</city>
		<firstname>John</firstname>
		<lastname>Doe</lastname>
		<defaultShipping>true</defaultShipping>
		<defaultBilling>true</defaultBilling>
	</item>
</addresses>
     
         
         </customer>
      </def:customerCustomerRepositoryV1SaveRequest>
   </soap:Body>
</soap:Envelope>
2020-12-06 18:00:52,336 INFO  [log] <env:Envelope xmlns:env="http://www.w3.org/2003/05/soap-envelope" xmlns:ns1="http://soap.upskills.in/soap/default?services=customerCustomerRepositoryV1">
   <env:Body>
      <ns1:customerCustomerRepositoryV1SaveResponse>
         <result>
            <id>6514</id>
            <groupId>1</groupId>
            <defaultBilling>4870</defaultBilling>
            <defaultShipping>4870</defaultShipping>
            <createdAt>2020-12-06 12:30:50</createdAt>
            <updatedAt>2020-12-06 12:30:51</updatedAt>
            <createdIn>Default Store View</createdIn>
            <dob>1990-05-29</dob>
            <email>johndoe20062020@gmail.com</email>
            <firstname>John</firstname>
            <lastname>Doe</lastname>
            <storeId>1</storeId>
            <websiteId>1</websiteId>
            <addresses>
               <item>
                  <id>4870</id>
                  <customerId>6514</customerId>
                  <region>
                     <regionCode>Karnataka</regionCode>
                     <region>Karnataka</region>
                     <regionId>0</regionId>
                  </region>
                  <regionId>0</regionId>
                  <countryId>IN</countryId>
                  <street>
                     <item>#55, 1 st Main Road</item>
                  </street>
                  <telephone>+91 9876543210</telephone>
                  <postcode>560023</postcode>
                  <city>Bengaluru</city>
                  <firstname>John</firstname>
                  <lastname>Doe</lastname>
                  <defaultShipping>true</defaultShipping>
                  <defaultBilling>true</defaultBilling>
               </item>
            </addresses>
            <disableAutoGroupChange>0</disableAutoGroupChange>
            <extensionAttributes>
               <isSubscribed>false</isSubscribed>
            </extensionAttributes>
         </result>
      </ns1:customerCustomerRepositoryV1SaveResponse>
   </env:Body>
</env:Envelope>
2020-12-06 18:00:52,363 INFO  [log] Customer id is 6514
2020-12-06 18:01:14,747 INFO  [log] <soap:Envelope xmlns:soap="http://www.w3.org/2003/05/soap-envelope" xmlns:def="http://soap.upskills.in/soap/default?services=customerCustomerRepositoryV1">
   <soap:Header/>
   <soap:Body>
      <def:customerCustomerRepositoryV1GetByIdRequest>
         <customerId>6511</customerId>
      </def:customerCustomerRepositoryV1GetByIdRequest>
   </soap:Body>
</soap:Envelope>
2020-12-06 18:01:14,755 INFO  [log] <soap:Envelope xmlns:soap="http://www.w3.org/2003/05/soap-envelope" xmlns:def="http://soap.upskills.in/soap/default?services=customerCustomerRepositoryV1">
   <soap:Header/>
   <soap:Body>
      <def:customerCustomerRepositoryV1GetByIdRequest>
         <customerId>6514</customerId>
      </def:customerCustomerRepositoryV1GetByIdRequest>
   </soap:Body>
</soap:Envelope>
2020-12-06 18:01:15,599 INFO  [log] <soap:Envelope xmlns:soap="http://www.w3.org/2003/05/soap-envelope" xmlns:def="http://soap.upskills.in/soap/default?services=customerCustomerRepositoryV1">
   <soap:Header/>
   <soap:Body>
      <def:customerCustomerRepositoryV1DeleteByIdRequest>
         <customerId>6511</customerId>
      </def:customerCustomerRepositoryV1DeleteByIdRequest>
   </soap:Body>
</soap:Envelope>
2020-12-06 18:01:15,604 INFO  [log] <soap:Envelope xmlns:soap="http://www.w3.org/2003/05/soap-envelope" xmlns:def="http://soap.upskills.in/soap/default?services=customerCustomerRepositoryV1">
   <soap:Header/>
   <soap:Body>
      <def:customerCustomerRepositoryV1DeleteByIdRequest>
         <customerId>6514</customerId>
      </def:customerCustomerRepositoryV1DeleteByIdRequest>
   </soap:Body>
</soap:Envelope>
2020-12-06 18:08:50,445 INFO  [log] Testcase name is TestCase 1
2020-12-06 18:08:50,455 INFO  [log] TestSuite name is TestSuite 2
2020-12-06 18:08:50,496 INFO  [log] Request is <soap:Envelope xmlns:soap="http://www.w3.org/2003/05/soap-envelope" xmlns:def="http://soap.upskills.in/soap/default?services=customerCustomerRepositoryV1">
   <soap:Header/>
   <soap:Body>
      <def:customerCustomerRepositoryV1SaveRequest>
         <customer>
               <!--email should be unique for each request-->
<email>johndoe20062020@gmail.com</email>
<firstname>John</firstname>
<lastname>Doe</lastname>
<dob>1990-05-29</dob>
<addresses>
	<item>
		<region>
		    <!--enter valid region code-->
			<regionCode>KA</regionCode>
			<region>Karnataka</region>
		</region>
		<!--enter valid country id-->
		<countryId>IN</countryId>
		<street>
			<item>#55, 1 st Main Road</item>
		</street>
		<telephone>+91 9876543210</telephone>
		<postcode>560023</postcode>
		<city>Bengaluru</city>
		<firstname>John</firstname>
		<lastname>Doe</lastname>
		<defaultShipping>true</defaultShipping>
		<defaultBilling>true</defaultBilling>
	</item>
</addresses>
     
         
         </customer>
      </def:customerCustomerRepositoryV1SaveRequest>
   </soap:Body>
</soap:Envelope>
2020-12-06 18:08:50,532 INFO  [log] johndoe20062020@gmail.com
2020-12-06 18:08:50,533 INFO  [log] First name is John
2020-12-06 18:08:50,535 INFO  [log] Last name Doe
2020-12-06 18:08:50,737 INFO  [log] Updated Xml is <soap:Envelope xmlns:soap="http://www.w3.org/2003/05/soap-envelope" xmlns:def="http://soap.upskills.in/soap/default?services=customerCustomerRepositoryV1">
   <soap:Header/>
   <soap:Body>
      <def:customerCustomerRepositoryV1SaveRequest>
         <customer>
               <!--email should be unique for each request-->
<email>johndoe20062020@gmail.com</email>
<firstname>John</firstname>
<lastname>Doe</lastname>
<dob>1990-05-29</dob>
<addresses>
	<item>
		<region>
		    <!--enter valid region code-->
			<regionCode>KA</regionCode>
			<region>Karnataka</region>
		</region>
		<!--enter valid country id-->
		<countryId>IN</countryId>
		<street>
			<item>#55, 1 st Main Road</item>
		</street>
		<telephone>+91 9876543210</telephone>
		<postcode>560023</postcode>
		<city>Bengaluru</city>
		<firstname>John</firstname>
		<lastname>Doe</lastname>
		<defaultShipping>true</defaultShipping>
		<defaultBilling>true</defaultBilling>
	</item>
</addresses>
     
         
         </customer>
      </def:customerCustomerRepositoryV1SaveRequest>
   </soap:Body>
</soap:Envelope>
2020-12-06 18:09:07,512 INFO  [log] <env:Envelope xmlns:env="http://www.w3.org/2003/05/soap-envelope" xmlns:ns1="http://soap.upskills.in/soap/default?services=customerCustomerRepositoryV1">
   <env:Body>
      <ns1:customerCustomerRepositoryV1SaveResponse>
         <result>
            <id>6516</id>
            <groupId>1</groupId>
            <defaultBilling>4872</defaultBilling>
            <defaultShipping>4872</defaultShipping>
            <createdAt>2020-12-06 12:39:06</createdAt>
            <updatedAt>2020-12-06 12:39:06</updatedAt>
            <createdIn>Default Store View</createdIn>
            <dob>1990-05-29</dob>
            <email>johndoe20062020@gmail.com</email>
            <firstname>John</firstname>
            <lastname>Doe</lastname>
            <storeId>1</storeId>
            <websiteId>1</websiteId>
            <addresses>
               <item>
                  <id>4872</id>
                  <customerId>6516</customerId>
                  <region>
                     <regionCode>Karnataka</regionCode>
                     <region>Karnataka</region>
                     <regionId>0</regionId>
                  </region>
                  <regionId>0</regionId>
                  <countryId>IN</countryId>
                  <street>
                     <item>#55, 1 st Main Road</item>
                  </street>
                  <telephone>+91 9876543210</telephone>
                  <postcode>560023</postcode>
                  <city>Bengaluru</city>
                  <firstname>John</firstname>
                  <lastname>Doe</lastname>
                  <defaultShipping>true</defaultShipping>
                  <defaultBilling>true</defaultBilling>
               </item>
            </addresses>
            <disableAutoGroupChange>0</disableAutoGroupChange>
            <extensionAttributes>
               <isSubscribed>false</isSubscribed>
            </extensionAttributes>
         </result>
      </ns1:customerCustomerRepositoryV1SaveResponse>
   </env:Body>
</env:Envelope>
2020-12-06 18:09:07,541 INFO  [log] Customer id is 6516
2020-12-06 18:09:38,191 INFO  [log] <soap:Envelope xmlns:soap="http://www.w3.org/2003/05/soap-envelope" xmlns:def="http://soap.upskills.in/soap/default?services=customerCustomerRepositoryV1">
   <soap:Header/>
   <soap:Body>
      <def:customerCustomerRepositoryV1GetByIdRequest>
         <customerId>6511</customerId>
      </def:customerCustomerRepositoryV1GetByIdRequest>
   </soap:Body>
</soap:Envelope>
2020-12-06 18:09:38,199 INFO  [log] <soap:Envelope xmlns:soap="http://www.w3.org/2003/05/soap-envelope" xmlns:def="http://soap.upskills.in/soap/default?services=customerCustomerRepositoryV1">
   <soap:Header/>
   <soap:Body>
      <def:customerCustomerRepositoryV1GetByIdRequest>
         <customerId>6516</customerId>
      </def:customerCustomerRepositoryV1GetByIdRequest>
   </soap:Body>
</soap:Envelope>
2020-12-06 18:09:39,472 INFO  [log] <soap:Envelope xmlns:soap="http://www.w3.org/2003/05/soap-envelope" xmlns:def="http://soap.upskills.in/soap/default?services=customerCustomerRepositoryV1">
   <soap:Header/>
   <soap:Body>
      <def:customerCustomerRepositoryV1DeleteByIdRequest>
         <customerId>6511</customerId>
      </def:customerCustomerRepositoryV1DeleteByIdRequest>
   </soap:Body>
</soap:Envelope>
2020-12-06 18:09:39,480 INFO  [log] <soap:Envelope xmlns:soap="http://www.w3.org/2003/05/soap-envelope" xmlns:def="http://soap.upskills.in/soap/default?services=customerCustomerRepositoryV1">
   <soap:Header/>
   <soap:Body>
      <def:customerCustomerRepositoryV1DeleteByIdRequest>
         <customerId>6516</customerId>
      </def:customerCustomerRepositoryV1DeleteByIdRequest>
   </soap:Body>
</soap:Envelope>
2020-12-06 18:12:45,213 INFO  [log] Testcase name is TestCase 1
2020-12-06 18:12:45,220 INFO  [log] TestSuite name is TestSuite 2
2020-12-06 18:12:45,234 INFO  [log] Request is <soap:Envelope xmlns:soap="http://www.w3.org/2003/05/soap-envelope" xmlns:def="http://soap.upskills.in/soap/default?services=customerCustomerRepositoryV1">
   <soap:Header/>
   <soap:Body>
      <def:customerCustomerRepositoryV1SaveRequest>
         <customer>
               <!--email should be unique for each request-->
<email>johndoe20062020@gmail.com</email>
<firstname>John</firstname>
<lastname>Doe</lastname>
<dob>1990-05-29</dob>
<addresses>
	<item>
		<region>
		    <!--enter valid region code-->
			<regionCode>KA</regionCode>
			<region>Karnataka</region>
		</region>
		<!--enter valid country id-->
		<countryId>IN</countryId>
		<street>
			<item>#55, 1 st Main Road</item>
		</street>
		<telephone>+91 9876543210</telephone>
		<postcode>560023</postcode>
		<city>Bengaluru</city>
		<firstname>John</firstname>
		<lastname>Doe</lastname>
		<defaultShipping>true</defaultShipping>
		<defaultBilling>true</defaultBilling>
	</item>
</addresses>
     
         
         </customer>
      </def:customerCustomerRepositoryV1SaveRequest>
   </soap:Body>
</soap:Envelope>
2020-12-06 18:12:45,381 INFO  [log] johndoe20062020@gmail.com
2020-12-06 18:12:45,382 INFO  [log] First name is John
2020-12-06 18:12:45,382 INFO  [log] Last name Doe
2020-12-06 18:12:45,403 INFO  [log] Updated Xml is <soap:Envelope xmlns:soap="http://www.w3.org/2003/05/soap-envelope" xmlns:def="http://soap.upskills.in/soap/default?services=customerCustomerRepositoryV1">
   <soap:Header/>
   <soap:Body>
      <def:customerCustomerRepositoryV1SaveRequest>
         <customer>
               <!--email should be unique for each request-->
<email>johndoe20062020@gmail.com</email>
<firstname>John</firstname>
<lastname>Doe</lastname>
<dob>1990-05-29</dob>
<addresses>
	<item>
		<region>
		    <!--enter valid region code-->
			<regionCode>KA</regionCode>
			<region>Karnataka</region>
		</region>
		<!--enter valid country id-->
		<countryId>IN</countryId>
		<street>
			<item>#55, 1 st Main Road</item>
		</street>
		<telephone>+91 9876543210</telephone>
		<postcode>560023</postcode>
		<city>Bengaluru</city>
		<firstname>John</firstname>
		<lastname>Doe</lastname>
		<defaultShipping>true</defaultShipping>
		<defaultBilling>true</defaultBilling>
	</item>
</addresses>
     
         
         </customer>
      </def:customerCustomerRepositoryV1SaveRequest>
   </soap:Body>
</soap:Envelope>
2020-12-06 18:12:47,004 INFO  [log] <env:Envelope xmlns:env="http://www.w3.org/2003/05/soap-envelope" xmlns:ns1="http://soap.upskills.in/soap/default?services=customerCustomerRepositoryV1">
   <env:Body>
      <ns1:customerCustomerRepositoryV1SaveResponse>
         <result>
            <id>6518</id>
            <groupId>1</groupId>
            <defaultBilling>4874</defaultBilling>
            <defaultShipping>4874</defaultShipping>
            <createdAt>2020-12-06 12:42:45</createdAt>
            <updatedAt>2020-12-06 12:42:45</updatedAt>
            <createdIn>Default Store View</createdIn>
            <dob>1990-05-29</dob>
            <email>johndoe20062020@gmail.com</email>
            <firstname>John</firstname>
            <lastname>Doe</lastname>
            <storeId>1</storeId>
            <websiteId>1</websiteId>
            <addresses>
               <item>
                  <id>4874</id>
                  <customerId>6518</customerId>
                  <region>
                     <regionCode>Karnataka</regionCode>
                     <region>Karnataka</region>
                     <regionId>0</regionId>
                  </region>
                  <regionId>0</regionId>
                  <countryId>IN</countryId>
                  <street>
                     <item>#55, 1 st Main Road</item>
                  </street>
                  <telephone>+91 9876543210</telephone>
                  <postcode>560023</postcode>
                  <city>Bengaluru</city>
                  <firstname>John</firstname>
                  <lastname>Doe</lastname>
                  <defaultShipping>true</defaultShipping>
                  <defaultBilling>true</defaultBilling>
               </item>
            </addresses>
            <disableAutoGroupChange>0</disableAutoGroupChange>
            <extensionAttributes>
               <isSubscribed>false</isSubscribed>
            </extensionAttributes>
         </result>
      </ns1:customerCustomerRepositoryV1SaveResponse>
   </env:Body>
</env:Envelope>
2020-12-06 18:12:47,147 INFO  [log] Customer id is 6518
2020-12-06 18:13:10,401 INFO  [log] <soap:Envelope xmlns:soap="http://www.w3.org/2003/05/soap-envelope" xmlns:def="http://soap.upskills.in/soap/default?services=customerCustomerRepositoryV1">
   <soap:Header/>
   <soap:Body>
      <def:customerCustomerRepositoryV1GetByIdRequest>
         <customerId>6511</customerId>
      </def:customerCustomerRepositoryV1GetByIdRequest>
   </soap:Body>
</soap:Envelope>
2020-12-06 18:13:10,406 INFO  [log] <soap:Envelope xmlns:soap="http://www.w3.org/2003/05/soap-envelope" xmlns:def="http://soap.upskills.in/soap/default?services=customerCustomerRepositoryV1">
   <soap:Header/>
   <soap:Body>
      <def:customerCustomerRepositoryV1GetByIdRequest>
         <customerId>6518</customerId>
      </def:customerCustomerRepositoryV1GetByIdRequest>
   </soap:Body>
</soap:Envelope>
2020-12-06 18:13:11,606 INFO  [log] <soap:Envelope xmlns:soap="http://www.w3.org/2003/05/soap-envelope" xmlns:def="http://soap.upskills.in/soap/default?services=customerCustomerRepositoryV1">
   <soap:Header/>
   <soap:Body>
      <def:customerCustomerRepositoryV1DeleteByIdRequest>
         <customerId>6511</customerId>
      </def:customerCustomerRepositoryV1DeleteByIdRequest>
   </soap:Body>
</soap:Envelope>
2020-12-06 18:13:11,625 INFO  [log] <soap:Envelope xmlns:soap="http://www.w3.org/2003/05/soap-envelope" xmlns:def="http://soap.upskills.in/soap/default?services=customerCustomerRepositoryV1">
   <soap:Header/>
   <soap:Body>
      <def:customerCustomerRepositoryV1DeleteByIdRequest>
         <customerId>6518</customerId>
      </def:customerCustomerRepositoryV1DeleteByIdRequest>
   </soap:Body>
</soap:Envelope>
2020-12-06 18:16:05,332 INFO  [log] Testcase name is TestCase 1
2020-12-06 18:16:05,340 INFO  [log] TestSuite name is TestSuite 2
2020-12-06 18:16:05,359 INFO  [log] Request is <soap:Envelope xmlns:soap="http://www.w3.org/2003/05/soap-envelope" xmlns:def="http://soap.upskills.in/soap/default?services=customerCustomerRepositoryV1">
   <soap:Header/>
   <soap:Body>
      <def:customerCustomerRepositoryV1SaveRequest>
         <customer>
               <!--email should be unique for each request-->
<email>johndoe20062020@gmail.com</email>
<firstname>John</firstname>
<lastname>Doe</lastname>
<dob>1990-05-29</dob>
<addresses>
	<item>
		<region>
		    <!--enter valid region code-->
			<regionCode>KA</regionCode>
			<region>Karnataka</region>
		</region>
		<!--enter valid country id-->
		<countryId>IN</countryId>
		<street>
			<item>#55, 1 st Main Road</item>
		</street>
		<telephone>+91 9876543210</telephone>
		<postcode>560023</postcode>
		<city>Bengaluru</city>
		<firstname>John</firstname>
		<lastname>Doe</lastname>
		<defaultShipping>true</defaultShipping>
		<defaultBilling>true</defaultBilling>
	</item>
</addresses>
     
         
         </customer>
      </def:customerCustomerRepositoryV1SaveRequest>
   </soap:Body>
</soap:Envelope>
2020-12-06 18:16:05,386 INFO  [log] johndoe20062020@gmail.com
2020-12-06 18:16:05,387 INFO  [log] First name is John
2020-12-06 18:16:05,387 INFO  [log] Last name Doe
2020-12-06 18:16:05,406 INFO  [log] Updated Xml is <soap:Envelope xmlns:soap="http://www.w3.org/2003/05/soap-envelope" xmlns:def="http://soap.upskills.in/soap/default?services=customerCustomerRepositoryV1">
   <soap:Header/>
   <soap:Body>
      <def:customerCustomerRepositoryV1SaveRequest>
         <customer>
               <!--email should be unique for each request-->
<email>johndoe20062020@gmail.com</email>
<firstname>John</firstname>
<lastname>Doe</lastname>
<dob>1990-05-29</dob>
<addresses>
	<item>
		<region>
		    <!--enter valid region code-->
			<regionCode>KA</regionCode>
			<region>Karnataka</region>
		</region>
		<!--enter valid country id-->
		<countryId>IN</countryId>
		<street>
			<item>#55, 1 st Main Road</item>
		</street>
		<telephone>+91 9876543210</telephone>
		<postcode>560023</postcode>
		<city>Bengaluru</city>
		<firstname>John</firstname>
		<lastname>Doe</lastname>
		<defaultShipping>true</defaultShipping>
		<defaultBilling>true</defaultBilling>
	</item>
</addresses>
     
         
         </customer>
      </def:customerCustomerRepositoryV1SaveRequest>
   </soap:Body>
</soap:Envelope>
2020-12-06 18:16:06,513 INFO  [log] <env:Envelope xmlns:env="http://www.w3.org/2003/05/soap-envelope" xmlns:ns1="http://soap.upskills.in/soap/default?services=customerCustomerRepositoryV1">
   <env:Body>
      <ns1:customerCustomerRepositoryV1SaveResponse>
         <result>
            <id>6520</id>
            <groupId>1</groupId>
            <defaultBilling>4876</defaultBilling>
            <defaultShipping>4876</defaultShipping>
            <createdAt>2020-12-06 12:46:05</createdAt>
            <updatedAt>2020-12-06 12:46:05</updatedAt>
            <createdIn>Default Store View</createdIn>
            <dob>1990-05-29</dob>
            <email>johndoe20062020@gmail.com</email>
            <firstname>John</firstname>
            <lastname>Doe</lastname>
            <storeId>1</storeId>
            <websiteId>1</websiteId>
            <addresses>
               <item>
                  <id>4876</id>
                  <customerId>6520</customerId>
                  <region>
                     <regionCode>Karnataka</regionCode>
                     <region>Karnataka</region>
                     <regionId>0</regionId>
                  </region>
                  <regionId>0</regionId>
                  <countryId>IN</countryId>
                  <street>
                     <item>#55, 1 st Main Road</item>
                  </street>
                  <telephone>+91 9876543210</telephone>
                  <postcode>560023</postcode>
                  <city>Bengaluru</city>
                  <firstname>John</firstname>
                  <lastname>Doe</lastname>
                  <defaultShipping>true</defaultShipping>
                  <defaultBilling>true</defaultBilling>
               </item>
            </addresses>
            <disableAutoGroupChange>0</disableAutoGroupChange>
            <extensionAttributes>
               <isSubscribed>false</isSubscribed>
            </extensionAttributes>
         </result>
      </ns1:customerCustomerRepositoryV1SaveResponse>
   </env:Body>
</env:Envelope>
2020-12-06 18:16:06,536 INFO  [log] Customer id is 6520
2020-12-06 18:16:21,467 INFO  [log] <soap:Envelope xmlns:soap="http://www.w3.org/2003/05/soap-envelope" xmlns:def="http://soap.upskills.in/soap/default?services=customerCustomerRepositoryV1">
   <soap:Header/>
   <soap:Body>
      <def:customerCustomerRepositoryV1GetByIdRequest>
         <customerId>6511</customerId>
      </def:customerCustomerRepositoryV1GetByIdRequest>
   </soap:Body>
</soap:Envelope>
2020-12-06 18:16:21,474 INFO  [log] <soap:Envelope xmlns:soap="http://www.w3.org/2003/05/soap-envelope" xmlns:def="http://soap.upskills.in/soap/default?services=customerCustomerRepositoryV1">
   <soap:Header/>
   <soap:Body>
      <def:customerCustomerRepositoryV1GetByIdRequest>
         <customerId>6520</customerId>
      </def:customerCustomerRepositoryV1GetByIdRequest>
   </soap:Body>
</soap:Envelope>
2020-12-06 18:16:22,322 INFO  [log] <soap:Envelope xmlns:soap="http://www.w3.org/2003/05/soap-envelope" xmlns:def="http://soap.upskills.in/soap/default?services=customerCustomerRepositoryV1">
   <soap:Header/>
   <soap:Body>
      <def:customerCustomerRepositoryV1DeleteByIdRequest>
         <customerId>6511</customerId>
      </def:customerCustomerRepositoryV1DeleteByIdRequest>
   </soap:Body>
</soap:Envelope>
2020-12-06 18:16:22,337 INFO  [log] <soap:Envelope xmlns:soap="http://www.w3.org/2003/05/soap-envelope" xmlns:def="http://soap.upskills.in/soap/default?services=customerCustomerRepositoryV1">
   <soap:Header/>
   <soap:Body>
      <def:customerCustomerRepositoryV1DeleteByIdRequest>
         <customerId>6520</customerId>
      </def:customerCustomerRepositoryV1DeleteByIdRequest>
   </soap:Body>
</soap:Envelope>
2020-12-06 18:21:09,957 INFO  [log] Testcase name is TestCase 1
2020-12-06 18:21:09,962 INFO  [log] TestSuite name is TestSuite 2
2020-12-06 18:21:09,965 INFO  [log] Request is <soap:Envelope xmlns:soap="http://www.w3.org/2003/05/soap-envelope" xmlns:def="http://soap.upskills.in/soap/default?services=customerCustomerRepositoryV1">
   <soap:Header/>
   <soap:Body>
      <def:customerCustomerRepositoryV1SaveRequest>
         <customer>
               <!--email should be unique for each request-->
<email>johndoe393930@gmail.com</email>
<firstname>John</firstname>
<lastname>Doe</lastname>
<dob>1990-05-29</dob>
<addresses>
	<item>
		<region>
		    <!--enter valid region code-->
			<regionCode>KA</regionCode>
			<region>Karnataka</region>
		</region>
		<!--enter valid country id-->
		<countryId>IN</countryId>
		<street>
			<item>#55, 1 st Main Road</item>
		</street>
		<telephone>+91 9876543210</telephone>
		<postcode>560023</postcode>
		<city>Bengaluru</city>
		<firstname>John</firstname>
		<lastname>Doe</lastname>
		<defaultShipping>true</defaultShipping>
		<defaultBilling>true</defaultBilling>
	</item>
</addresses>
     
         
         </customer>
      </def:customerCustomerRepositoryV1SaveRequest>
   </soap:Body>
</soap:Envelope>
2020-12-06 18:21:09,987 INFO  [log] johndoe393930@gmail.com
2020-12-06 18:21:09,987 INFO  [log] First name is John
2020-12-06 18:21:09,988 INFO  [log] Last name Doe
2020-12-06 18:21:10,003 INFO  [log] Updated Xml is <soap:Envelope xmlns:soap="http://www.w3.org/2003/05/soap-envelope" xmlns:def="http://soap.upskills.in/soap/default?services=customerCustomerRepositoryV1">
   <soap:Header/>
   <soap:Body>
      <def:customerCustomerRepositoryV1SaveRequest>
         <customer>
               <!--email should be unique for each request-->
<email>johndoe393930@gmail.com</email>
<firstname>John</firstname>
<lastname>Doe</lastname>
<dob>1990-05-29</dob>
<addresses>
	<item>
		<region>
		    <!--enter valid region code-->
			<regionCode>KA</regionCode>
			<region>Karnataka</region>
		</region>
		<!--enter valid country id-->
		<countryId>IN</countryId>
		<street>
			<item>#55, 1 st Main Road</item>
		</street>
		<telephone>+91 9876543210</telephone>
		<postcode>560023</postcode>
		<city>Bengaluru</city>
		<firstname>John</firstname>
		<lastname>Doe</lastname>
		<defaultShipping>true</defaultShipping>
		<defaultBilling>true</defaultBilling>
	</item>
</addresses>
     
         
         </customer>
      </def:customerCustomerRepositoryV1SaveRequest>
   </soap:Body>
</soap:Envelope>
2020-12-06 18:21:11,033 INFO  [log] <env:Envelope xmlns:env="http://www.w3.org/2003/05/soap-envelope" xmlns:ns1="http://soap.upskills.in/soap/default?services=customerCustomerRepositoryV1">
   <env:Body>
      <ns1:customerCustomerRepositoryV1SaveResponse>
         <result>
            <id>6523</id>
            <groupId>1</groupId>
            <defaultBilling>4879</defaultBilling>
            <defaultShipping>4879</defaultShipping>
            <createdAt>2020-12-06 12:51:09</createdAt>
            <updatedAt>2020-12-06 12:51:09</updatedAt>
            <createdIn>Default Store View</createdIn>
            <dob>1990-05-29</dob>
            <email>johndoe393930@gmail.com</email>
            <firstname>John</firstname>
            <lastname>Doe</lastname>
            <storeId>1</storeId>
            <websiteId>1</websiteId>
            <addresses>
               <item>
                  <id>4879</id>
                  <customerId>6523</customerId>
                  <region>
                     <regionCode>Karnataka</regionCode>
                     <region>Karnataka</region>
                     <regionId>0</regionId>
                  </region>
                  <regionId>0</regionId>
                  <countryId>IN</countryId>
                  <street>
                     <item>#55, 1 st Main Road</item>
                  </street>
                  <telephone>+91 9876543210</telephone>
                  <postcode>560023</postcode>
                  <city>Bengaluru</city>
                  <firstname>John</firstname>
                  <lastname>Doe</lastname>
                  <defaultShipping>true</defaultShipping>
                  <defaultBilling>true</defaultBilling>
               </item>
            </addresses>
            <disableAutoGroupChange>0</disableAutoGroupChange>
            <extensionAttributes>
               <isSubscribed>false</isSubscribed>
            </extensionAttributes>
         </result>
      </ns1:customerCustomerRepositoryV1SaveResponse>
   </env:Body>
</env:Envelope>
2020-12-06 18:21:11,065 INFO  [log] Customer id is 6523
2020-12-06 18:21:32,172 INFO  [log] <soap:Envelope xmlns:soap="http://www.w3.org/2003/05/soap-envelope" xmlns:def="http://soap.upskills.in/soap/default?services=customerCustomerRepositoryV1">
   <soap:Header/>
   <soap:Body>
      <def:customerCustomerRepositoryV1GetByIdRequest>
         <customerId>6513</customerId>
      </def:customerCustomerRepositoryV1GetByIdRequest>
   </soap:Body>
</soap:Envelope>
2020-12-06 18:21:32,185 INFO  [log] <soap:Envelope xmlns:soap="http://www.w3.org/2003/05/soap-envelope" xmlns:def="http://soap.upskills.in/soap/default?services=customerCustomerRepositoryV1">
   <soap:Header/>
   <soap:Body>
      <def:customerCustomerRepositoryV1GetByIdRequest>
         <customerId>6523</customerId>
      </def:customerCustomerRepositoryV1GetByIdRequest>
   </soap:Body>
</soap:Envelope>
2020-12-06 18:21:33,008 INFO  [log] <soap:Envelope xmlns:soap="http://www.w3.org/2003/05/soap-envelope" xmlns:def="http://soap.upskills.in/soap/default?services=customerCustomerRepositoryV1">
   <soap:Header/>
   <soap:Body>
      <def:customerCustomerRepositoryV1DeleteByIdRequest>
         <customerId>6513</customerId>
      </def:customerCustomerRepositoryV1DeleteByIdRequest>
   </soap:Body>
</soap:Envelope>
2020-12-06 18:21:33,017 INFO  [log] <soap:Envelope xmlns:soap="http://www.w3.org/2003/05/soap-envelope" xmlns:def="http://soap.upskills.in/soap/default?services=customerCustomerRepositoryV1">
   <soap:Header/>
   <soap:Body>
      <def:customerCustomerRepositoryV1DeleteByIdRequest>
         <customerId>6523</customerId>
      </def:customerCustomerRepositoryV1DeleteByIdRequest>
   </soap:Body>
</soap:Envelope>
2020-12-06 18:35:21,521 INFO  [log] Testcase name is TestCase 1
2020-12-06 18:35:21,529 INFO  [log] TestSuite name is TestSuite 2
2020-12-06 18:35:21,565 INFO  [log] Request is <soap:Envelope xmlns:soap="http://www.w3.org/2003/05/soap-envelope" xmlns:def="http://soap.upskills.in/soap/default?services=customerCustomerRepositoryV1">
   <soap:Header/>
   <soap:Body>
      <def:customerCustomerRepositoryV1SaveRequest>
         <customer>
               <!--email should be unique for each request-->
<email>johndoe434445@gmail.com</email>
<firstname>John</firstname>
<lastname>Doe</lastname>
<dob>1990-05-29</dob>
<addresses>
	<item>
		<region>
		    <!--enter valid region code-->
			<regionCode>KA</regionCode>
			<region>Karnataka</region>
		</region>
		<!--enter valid country id-->
		<countryId>IN</countryId>
		<street>
			<item>#55, 1 st Main Road</item>
		</street>
		<telephone>+91 9876543210</telephone>
		<postcode>560023</postcode>
		<city>Bengaluru</city>
		<firstname>John</firstname>
		<lastname>Doe</lastname>
		<defaultShipping>true</defaultShipping>
		<defaultBilling>true</defaultBilling>
	</item>
</addresses>
     
         
         </customer>
      </def:customerCustomerRepositoryV1SaveRequest>
   </soap:Body>
</soap:Envelope>
2020-12-06 18:35:21,670 INFO  [log] johndoe434445@gmail.com
2020-12-06 18:35:21,672 INFO  [log] First name is John
2020-12-06 18:35:21,672 INFO  [log] Last name Doe
2020-12-06 18:35:21,889 INFO  [log] Updated Xml is <soap:Envelope xmlns:soap="http://www.w3.org/2003/05/soap-envelope" xmlns:def="http://soap.upskills.in/soap/default?services=customerCustomerRepositoryV1">
   <soap:Header/>
   <soap:Body>
      <def:customerCustomerRepositoryV1SaveRequest>
         <customer>
               <!--email should be unique for each request-->
<email>johndoe434445@gmail.com</email>
<firstname>John</firstname>
<lastname>Doe</lastname>
<dob>1990-05-29</dob>
<addresses>
	<item>
		<region>
		    <!--enter valid region code-->
			<regionCode>KA</regionCode>
			<region>Karnataka</region>
		</region>
		<!--enter valid country id-->
		<countryId>IN</countryId>
		<street>
			<item>#55, 1 st Main Road</item>
		</street>
		<telephone>+91 9876543210</telephone>
		<postcode>560023</postcode>
		<city>Bengaluru</city>
		<firstname>John</firstname>
		<lastname>Doe</lastname>
		<defaultShipping>true</defaultShipping>
		<defaultBilling>true</defaultBilling>
	</item>
</addresses>
     
         
         </customer>
      </def:customerCustomerRepositoryV1SaveRequest>
   </soap:Body>
</soap:Envelope>
2020-12-06 18:35:26,866 INFO  [log] <env:Envelope xmlns:env="http://www.w3.org/2003/05/soap-envelope" xmlns:ns1="http://soap.upskills.in/soap/default?services=customerCustomerRepositoryV1">
   <env:Body>
      <ns1:customerCustomerRepositoryV1SaveResponse>
         <result>
            <id>6525</id>
            <groupId>1</groupId>
            <defaultBilling>4881</defaultBilling>
            <defaultShipping>4881</defaultShipping>
            <createdAt>2020-12-06 13:05:25</createdAt>
            <updatedAt>2020-12-06 13:05:25</updatedAt>
            <createdIn>Default Store View</createdIn>
            <dob>1990-05-29</dob>
            <email>johndoe434445@gmail.com</email>
            <firstname>John</firstname>
            <lastname>Doe</lastname>
            <storeId>1</storeId>
            <websiteId>1</websiteId>
            <addresses>
               <item>
                  <id>4881</id>
                  <customerId>6525</customerId>
                  <region>
                     <regionCode>Karnataka</regionCode>
                     <region>Karnataka</region>
                     <regionId>0</regionId>
                  </region>
                  <regionId>0</regionId>
                  <countryId>IN</countryId>
                  <street>
                     <item>#55, 1 st Main Road</item>
                  </street>
                  <telephone>+91 9876543210</telephone>
                  <postcode>560023</postcode>
                  <city>Bengaluru</city>
                  <firstname>John</firstname>
                  <lastname>Doe</lastname>
                  <defaultShipping>true</defaultShipping>
                  <defaultBilling>true</defaultBilling>
               </item>
            </addresses>
            <disableAutoGroupChange>0</disableAutoGroupChange>
            <extensionAttributes>
               <isSubscribed>false</isSubscribed>
            </extensionAttributes>
         </result>
      </ns1:customerCustomerRepositoryV1SaveResponse>
   </env:Body>
</env:Envelope>
2020-12-06 18:35:26,967 INFO  [log] Customer id is 6525
2020-12-06 18:36:04,909 INFO  [log] <soap:Envelope xmlns:soap="http://www.w3.org/2003/05/soap-envelope" xmlns:def="http://soap.upskills.in/soap/default?services=customerCustomerRepositoryV1">
   <soap:Header/>
   <soap:Body>
      <def:customerCustomerRepositoryV1GetByIdRequest>
         <customerId>6513</customerId>
      </def:customerCustomerRepositoryV1GetByIdRequest>
   </soap:Body>
</soap:Envelope>
2020-12-06 18:36:04,914 INFO  [log] <soap:Envelope xmlns:soap="http://www.w3.org/2003/05/soap-envelope" xmlns:def="http://soap.upskills.in/soap/default?services=customerCustomerRepositoryV1">
   <soap:Header/>
   <soap:Body>
      <def:customerCustomerRepositoryV1GetByIdRequest>
         <customerId>6525</customerId>
      </def:customerCustomerRepositoryV1GetByIdRequest>
   </soap:Body>
</soap:Envelope>
2020-12-06 18:36:08,115 INFO  [log] <soap:Envelope xmlns:soap="http://www.w3.org/2003/05/soap-envelope" xmlns:def="http://soap.upskills.in/soap/default?services=customerCustomerRepositoryV1">
   <soap:Header/>
   <soap:Body>
      <def:customerCustomerRepositoryV1DeleteByIdRequest>
         <customerId>6513</customerId>
      </def:customerCustomerRepositoryV1DeleteByIdRequest>
   </soap:Body>
</soap:Envelope>
2020-12-06 18:36:08,120 INFO  [log] <soap:Envelope xmlns:soap="http://www.w3.org/2003/05/soap-envelope" xmlns:def="http://soap.upskills.in/soap/default?services=customerCustomerRepositoryV1">
   <soap:Header/>
   <soap:Body>
      <def:customerCustomerRepositoryV1DeleteByIdRequest>
         <customerId>6525</customerId>
      </def:customerCustomerRepositoryV1DeleteByIdRequest>
   </soap:Body>
</soap:Envelope>
2020-12-06 18:37:23,493 INFO  [log] Testcase name is TestCase 1
2020-12-06 18:37:23,500 INFO  [log] TestSuite name is TestSuite 2
2020-12-06 18:37:23,540 INFO  [log] Request is <soap:Envelope xmlns:soap="http://www.w3.org/2003/05/soap-envelope" xmlns:def="http://soap.upskills.in/soap/default?services=customerCustomerRepositoryV1">
   <soap:Header/>
   <soap:Body>
      <def:customerCustomerRepositoryV1SaveRequest>
         <customer>
               <!--email should be unique for each request-->
<email>johndoe434445@gmail.com</email>
<firstname>John</firstname>
<lastname>Doe</lastname>
<dob>1990-05-29</dob>
<addresses>
	<item>
		<region>
		    <!--enter valid region code-->
			<regionCode>KA</regionCode>
			<region>Karnataka</region>
		</region>
		<!--enter valid country id-->
		<countryId>IN</countryId>
		<street>
			<item>#55, 1 st Main Road</item>
		</street>
		<telephone>+91 9876543210</telephone>
		<postcode>560023</postcode>
		<city>Bengaluru</city>
		<firstname>John</firstname>
		<lastname>Doe</lastname>
		<defaultShipping>true</defaultShipping>
		<defaultBilling>true</defaultBilling>
	</item>
</addresses>
     
         
         </customer>
      </def:customerCustomerRepositoryV1SaveRequest>
   </soap:Body>
</soap:Envelope>
2020-12-06 18:37:23,585 INFO  [log] johndoe434445@gmail.com
2020-12-06 18:37:23,590 INFO  [log] First name is John
2020-12-06 18:37:23,590 INFO  [log] Last name Doe
2020-12-06 18:37:23,887 INFO  [log] Updated Xml is <soap:Envelope xmlns:soap="http://www.w3.org/2003/05/soap-envelope" xmlns:def="http://soap.upskills.in/soap/default?services=customerCustomerRepositoryV1">
   <soap:Header/>
   <soap:Body>
      <def:customerCustomerRepositoryV1SaveRequest>
         <customer>
               <!--email should be unique for each request-->
<email>johndoe434445@gmail.com</email>
<firstname>John</firstname>
<lastname>Doe</lastname>
<dob>1990-05-29</dob>
<addresses>
	<item>
		<region>
		    <!--enter valid region code-->
			<regionCode>KA</regionCode>
			<region>Karnataka</region>
		</region>
		<!--enter valid country id-->
		<countryId>IN</countryId>
		<street>
			<item>#55, 1 st Main Road</item>
		</street>
		<telephone>+91 9876543210</telephone>
		<postcode>560023</postcode>
		<city>Bengaluru</city>
		<firstname>John</firstname>
		<lastname>Doe</lastname>
		<defaultShipping>true</defaultShipping>
		<defaultBilling>true</defaultBilling>
	</item>
</addresses>
     
         
         </customer>
      </def:customerCustomerRepositoryV1SaveRequest>
   </soap:Body>
</soap:Envelope>
2020-12-06 18:37:47,042 INFO  [log] 
2020-12-06 18:42:52,650 INFO  [log] Testcase name is TestCase 1
2020-12-06 18:42:52,657 INFO  [log] TestSuite name is TestSuite 2
2020-12-06 18:42:52,660 INFO  [log] Request is <soap:Envelope xmlns:soap="http://www.w3.org/2003/05/soap-envelope" xmlns:def="http://soap.upskills.in/soap/default?services=customerCustomerRepositoryV1">
   <soap:Header/>
   <soap:Body>
      <def:customerCustomerRepositoryV1SaveRequest>
         <customer>
               <!--email should be unique for each request-->
<email>johndoe11skd@gmail.com</email>
<firstname>John</firstname>
<lastname>Doe</lastname>
<dob>1990-05-29</dob>
<addresses>
	<item>
		<region>
		    <!--enter valid region code-->
			<regionCode>KA</regionCode>
			<region>Karnataka</region>
		</region>
		<!--enter valid country id-->
		<countryId>IN</countryId>
		<street>
			<item>#55, 1 st Main Road</item>
		</street>
		<telephone>+91 9876543210</telephone>
		<postcode>560023</postcode>
		<city>Bengaluru</city>
		<firstname>John</firstname>
		<lastname>Doe</lastname>
		<defaultShipping>true</defaultShipping>
		<defaultBilling>true</defaultBilling>
	</item>
</addresses>
     
         
         </customer>
      </def:customerCustomerRepositoryV1SaveRequest>
   </soap:Body>
</soap:Envelope>
2020-12-06 18:42:52,689 INFO  [log] johndoe11skd@gmail.com
2020-12-06 18:42:52,690 INFO  [log] First name is John
2020-12-06 18:42:52,691 INFO  [log] Last name Doe
2020-12-06 18:42:52,709 INFO  [log] Updated Xml is <soap:Envelope xmlns:soap="http://www.w3.org/2003/05/soap-envelope" xmlns:def="http://soap.upskills.in/soap/default?services=customerCustomerRepositoryV1">
   <soap:Header/>
   <soap:Body>
      <def:customerCustomerRepositoryV1SaveRequest>
         <customer>
               <!--email should be unique for each request-->
<email>johndoe11skd@gmail.com</email>
<firstname>John</firstname>
<lastname>Doe</lastname>
<dob>1990-05-29</dob>
<addresses>
	<item>
		<region>
		    <!--enter valid region code-->
			<regionCode>KA</regionCode>
			<region>Karnataka</region>
		</region>
		<!--enter valid country id-->
		<countryId>IN</countryId>
		<street>
			<item>#55, 1 st Main Road</item>
		</street>
		<telephone>+91 9876543210</telephone>
		<postcode>560023</postcode>
		<city>Bengaluru</city>
		<firstname>John</firstname>
		<lastname>Doe</lastname>
		<defaultShipping>true</defaultShipping>
		<defaultBilling>true</defaultBilling>
	</item>
</addresses>
     
         
         </customer>
      </def:customerCustomerRepositoryV1SaveRequest>
   </soap:Body>
</soap:Envelope>
2020-12-06 18:43:17,630 INFO  [log] <env:Envelope xmlns:env="http://www.w3.org/2003/05/soap-envelope" xmlns:ns1="http://soap.upskills.in/soap/default?services=customerCustomerRepositoryV1">
   <env:Body>
      <ns1:customerCustomerRepositoryV1SaveResponse>
         <result>
            <id>6528</id>
            <groupId>1</groupId>
            <defaultBilling>4884</defaultBilling>
            <defaultShipping>4884</defaultShipping>
            <createdAt>2020-12-06 13:13:16</createdAt>
            <updatedAt>2020-12-06 13:13:16</updatedAt>
            <createdIn>Default Store View</createdIn>
            <dob>1990-05-29</dob>
            <email>johndoe11skd@gmail.com</email>
            <firstname>John</firstname>
            <lastname>Doe</lastname>
            <storeId>1</storeId>
            <websiteId>1</websiteId>
            <addresses>
               <item>
                  <id>4884</id>
                  <customerId>6528</customerId>
                  <region>
                     <regionCode>Karnataka</regionCode>
                     <region>Karnataka</region>
                     <regionId>0</regionId>
                  </region>
                  <regionId>0</regionId>
                  <countryId>IN</countryId>
                  <street>
                     <item>#55, 1 st Main Road</item>
                  </street>
                  <telephone>+91 9876543210</telephone>
                  <postcode>560023</postcode>
                  <city>Bengaluru</city>
                  <firstname>John</firstname>
                  <lastname>Doe</lastname>
                  <defaultShipping>true</defaultShipping>
                  <defaultBilling>true</defaultBilling>
               </item>
            </addresses>
            <disableAutoGroupChange>0</disableAutoGroupChange>
            <extensionAttributes>
               <isSubscribed>false</isSubscribed>
            </extensionAttributes>
         </result>
      </ns1:customerCustomerRepositoryV1SaveResponse>
   </env:Body>
</env:Envelope>
2020-12-06 18:43:17,653 INFO  [log] Customer id is 6528
2020-12-06 18:43:32,871 INFO  [log] <soap:Envelope xmlns:soap="http://www.w3.org/2003/05/soap-envelope" xmlns:def="http://soap.upskills.in/soap/default?services=customerCustomerRepositoryV1">
   <soap:Header/>
   <soap:Body>
      <def:customerCustomerRepositoryV1GetByIdRequest>
         <customerId>6513</customerId>
      </def:customerCustomerRepositoryV1GetByIdRequest>
   </soap:Body>
</soap:Envelope>
2020-12-06 18:43:32,878 INFO  [log] <soap:Envelope xmlns:soap="http://www.w3.org/2003/05/soap-envelope" xmlns:def="http://soap.upskills.in/soap/default?services=customerCustomerRepositoryV1">
   <soap:Header/>
   <soap:Body>
      <def:customerCustomerRepositoryV1GetByIdRequest>
         <customerId>6528</customerId>
      </def:customerCustomerRepositoryV1GetByIdRequest>
   </soap:Body>
</soap:Envelope>
2020-12-06 18:43:35,635 INFO  [log] <soap:Envelope xmlns:soap="http://www.w3.org/2003/05/soap-envelope" xmlns:def="http://soap.upskills.in/soap/default?services=customerCustomerRepositoryV1">
   <soap:Header/>
   <soap:Body>
      <def:customerCustomerRepositoryV1DeleteByIdRequest>
         <customerId>6513</customerId>
      </def:customerCustomerRepositoryV1DeleteByIdRequest>
   </soap:Body>
</soap:Envelope>
2020-12-06 18:43:35,643 INFO  [log] <soap:Envelope xmlns:soap="http://www.w3.org/2003/05/soap-envelope" xmlns:def="http://soap.upskills.in/soap/default?services=customerCustomerRepositoryV1">
   <soap:Header/>
   <soap:Body>
      <def:customerCustomerRepositoryV1DeleteByIdRequest>
         <customerId>6528</customerId>
      </def:customerCustomerRepositoryV1DeleteByIdRequest>
   </soap:Body>
</soap:Envelope>
