2020-12-06 18:42:15,972 WARN  [SoapUI] Missing folder [C:\Users\SourabhDevle\Documents\SDET-SOAP-Assignment-CustomerRepository-soapui-project\ext] for external libraries
2020-12-06 18:42:16,163 INFO  [DefaultSoapUICore] initialized soapui-settings from [C:\Users\SourabhDevle\soapui-settings.xml]
2020-12-06 18:42:17,084 INFO  [WsdlProject] Loaded project from [file:/C:/Users/SourabhDevle/Documents/SDET-SOAP-Assignment-CustomerRepository-soapui-project/SDET-SOAP-Assignment-CustomerRepository-soapui-project.xml]
2020-12-06 18:42:17,665 INFO  [SoapUITestCaseRunner] Running SoapUI tests in project [SDET_SOAP_Assignment_CustomerRepository]
2020-12-06 18:42:17,667 INFO  [SoapUITestCaseRunner] Running Project [SDET_SOAP_Assignment_CustomerRepository], runType = SEQUENTIAL
2020-12-06 18:42:17,684 INFO  [SoapUITestCaseRunner] Running SoapUI testcase [TestCase 1]
2020-12-06 18:42:17,713 INFO  [SoapUITestCaseRunner] running step [SaveList]
2020-12-06 18:42:27,125 INFO  [SoapUITestCaseRunner] Assertion [SOAP Response] has status VALID
2020-12-06 18:42:27,126 INFO  [SoapUITestCaseRunner] Assertion [Contains] has status VALID
2020-12-06 18:42:27,127 INFO  [SoapUITestCaseRunner] Assertion [Response SLA] has status UNKNOWN
2020-12-06 18:42:27,130 INFO  [SoapUITestCaseRunner] Assertion [XPath Match] has status VALID
2020-12-06 18:42:27,130 INFO  [SoapUITestCaseRunner] Assertion [Invalid HTTP Status Codes] has status VALID
2020-12-06 18:42:27,131 INFO  [SoapUITestCaseRunner] Assertion [Valid HTTP Status Codes] has status VALID
2020-12-06 18:42:27,132 INFO  [SoapUITestCaseRunner] running step [GetList]
2020-12-06 18:42:50,285 INFO  [SoapUITestCaseRunner] Assertion [SOAP Response] has status VALID
2020-12-06 18:42:50,285 INFO  [SoapUITestCaseRunner] Assertion [Contains] has status VALID
2020-12-06 18:42:50,286 INFO  [SoapUITestCaseRunner] Assertion [Invalid HTTP Status Codes] has status VALID
2020-12-06 18:42:50,286 INFO  [SoapUITestCaseRunner] running step [Property Transfer]
2020-12-06 18:42:50,304 INFO  [SoapUITestCaseRunner] running step [GetById]
2020-12-06 18:42:51,166 INFO  [SoapUITestCaseRunner] Assertion [SOAP Response] has status VALID
2020-12-06 18:42:51,167 INFO  [SoapUITestCaseRunner] Assertion [Invalid HTTP Status Codes] has status VALID
2020-12-06 18:42:51,167 INFO  [SoapUITestCaseRunner] Assertion [Valid HTTP Status Codes] has status VALID
2020-12-06 18:42:51,168 INFO  [SoapUITestCaseRunner] running step [Property Transfer1]
2020-12-06 18:42:51,172 INFO  [SoapUITestCaseRunner] running step [DeleteById]
2020-12-06 18:42:52,343 INFO  [SoapUITestCaseRunner] Assertion [SOAP Response] has status VALID
2020-12-06 18:42:52,344 INFO  [SoapUITestCaseRunner] Assertion [Contains] has status VALID
2020-12-06 18:42:52,345 INFO  [SoapUITestCaseRunner] Assertion [Invalid HTTP Status Codes] has status VALID
2020-12-06 18:42:52,347 INFO  [SoapUITestCaseRunner] Assertion [Valid HTTP Status Codes] has status VALID
2020-12-06 18:42:52,347 INFO  [SoapUITestCaseRunner] Assertion [XPath Match] has status VALID
2020-12-06 18:42:52,348 INFO  [SoapUITestCaseRunner] Finished running SoapUI testcase [TestCase 1], time taken: 34605ms, status: FINISHED
2020-12-06 18:42:52,352 INFO  [SoapUITestCaseRunner] Running SoapUI testcase [TestCase 1]
2020-12-06 18:42:52,354 INFO  [SoapUITestCaseRunner] running step [Groovy Script]
2020-12-06 18:42:52,650 INFO  [log] Testcase name is TestCase 1
2020-12-06 18:42:52,657 INFO  [log] TestSuite name is TestSuite 2
2020-12-06 18:42:52,660 INFO  [log] Request is <soap:Envelope xmlns:soap="http://www.w3.org/2003/05/soap-envelope" xmlns:def="http://soap.upskills.in/soap/default?services=customerCustomerRepositoryV1">
   <soap:Header/>
   <soap:Body>
      <def:customerCustomerRepositoryV1SaveRequest>
         <customer>
               <!--email should be unique for each request-->
<email>johndoe11skd@gmail.com</email>
<firstname>John</firstname>
<lastname>Doe</lastname>
<dob>1990-05-29</dob>
<addresses>
	<item>
		<region>
		    <!--enter valid region code-->
			<regionCode>KA</regionCode>
			<region>Karnataka</region>
		</region>
		<!--enter valid country id-->
		<countryId>IN</countryId>
		<street>
			<item>#55, 1 st Main Road</item>
		</street>
		<telephone>+91 9876543210</telephone>
		<postcode>560023</postcode>
		<city>Bengaluru</city>
		<firstname>John</firstname>
		<lastname>Doe</lastname>
		<defaultShipping>true</defaultShipping>
		<defaultBilling>true</defaultBilling>
	</item>
</addresses>
     
         
         </customer>
      </def:customerCustomerRepositoryV1SaveRequest>
   </soap:Body>
</soap:Envelope>
2020-12-06 18:42:52,689 INFO  [log] johndoe11skd@gmail.com
2020-12-06 18:42:52,690 INFO  [log] First name is John
2020-12-06 18:42:52,691 INFO  [log] Last name Doe
2020-12-06 18:42:52,709 INFO  [log] Updated Xml is <soap:Envelope xmlns:soap="http://www.w3.org/2003/05/soap-envelope" xmlns:def="http://soap.upskills.in/soap/default?services=customerCustomerRepositoryV1">
   <soap:Header/>
   <soap:Body>
      <def:customerCustomerRepositoryV1SaveRequest>
         <customer>
               <!--email should be unique for each request-->
<email>johndoe11skd@gmail.com</email>
<firstname>John</firstname>
<lastname>Doe</lastname>
<dob>1990-05-29</dob>
<addresses>
	<item>
		<region>
		    <!--enter valid region code-->
			<regionCode>KA</regionCode>
			<region>Karnataka</region>
		</region>
		<!--enter valid country id-->
		<countryId>IN</countryId>
		<street>
			<item>#55, 1 st Main Road</item>
		</street>
		<telephone>+91 9876543210</telephone>
		<postcode>560023</postcode>
		<city>Bengaluru</city>
		<firstname>John</firstname>
		<lastname>Doe</lastname>
		<defaultShipping>true</defaultShipping>
		<defaultBilling>true</defaultBilling>
	</item>
</addresses>
     
         
         </customer>
      </def:customerCustomerRepositoryV1SaveRequest>
   </soap:Body>
</soap:Envelope>
2020-12-06 18:43:17,630 INFO  [log] <env:Envelope xmlns:env="http://www.w3.org/2003/05/soap-envelope" xmlns:ns1="http://soap.upskills.in/soap/default?services=customerCustomerRepositoryV1">
   <env:Body>
      <ns1:customerCustomerRepositoryV1SaveResponse>
         <result>
            <id>6528</id>
            <groupId>1</groupId>
            <defaultBilling>4884</defaultBilling>
            <defaultShipping>4884</defaultShipping>
            <createdAt>2020-12-06 13:13:16</createdAt>
            <updatedAt>2020-12-06 13:13:16</updatedAt>
            <createdIn>Default Store View</createdIn>
            <dob>1990-05-29</dob>
            <email>johndoe11skd@gmail.com</email>
            <firstname>John</firstname>
            <lastname>Doe</lastname>
            <storeId>1</storeId>
            <websiteId>1</websiteId>
            <addresses>
               <item>
                  <id>4884</id>
                  <customerId>6528</customerId>
                  <region>
                     <regionCode>Karnataka</regionCode>
                     <region>Karnataka</region>
                     <regionId>0</regionId>
                  </region>
                  <regionId>0</regionId>
                  <countryId>IN</countryId>
                  <street>
                     <item>#55, 1 st Main Road</item>
                  </street>
                  <telephone>+91 9876543210</telephone>
                  <postcode>560023</postcode>
                  <city>Bengaluru</city>
                  <firstname>John</firstname>
                  <lastname>Doe</lastname>
                  <defaultShipping>true</defaultShipping>
                  <defaultBilling>true</defaultBilling>
               </item>
            </addresses>
            <disableAutoGroupChange>0</disableAutoGroupChange>
            <extensionAttributes>
               <isSubscribed>false</isSubscribed>
            </extensionAttributes>
         </result>
      </ns1:customerCustomerRepositoryV1SaveResponse>
   </env:Body>
</env:Envelope>
2020-12-06 18:43:17,653 INFO  [log] Customer id is 6528
2020-12-06 18:43:32,871 INFO  [log] <soap:Envelope xmlns:soap="http://www.w3.org/2003/05/soap-envelope" xmlns:def="http://soap.upskills.in/soap/default?services=customerCustomerRepositoryV1">
   <soap:Header/>
   <soap:Body>
      <def:customerCustomerRepositoryV1GetByIdRequest>
         <customerId>6513</customerId>
      </def:customerCustomerRepositoryV1GetByIdRequest>
   </soap:Body>
</soap:Envelope>
2020-12-06 18:43:32,878 INFO  [log] <soap:Envelope xmlns:soap="http://www.w3.org/2003/05/soap-envelope" xmlns:def="http://soap.upskills.in/soap/default?services=customerCustomerRepositoryV1">
   <soap:Header/>
   <soap:Body>
      <def:customerCustomerRepositoryV1GetByIdRequest>
         <customerId>6528</customerId>
      </def:customerCustomerRepositoryV1GetByIdRequest>
   </soap:Body>
</soap:Envelope>
2020-12-06 18:43:35,635 INFO  [log] <soap:Envelope xmlns:soap="http://www.w3.org/2003/05/soap-envelope" xmlns:def="http://soap.upskills.in/soap/default?services=customerCustomerRepositoryV1">
   <soap:Header/>
   <soap:Body>
      <def:customerCustomerRepositoryV1DeleteByIdRequest>
         <customerId>6513</customerId>
      </def:customerCustomerRepositoryV1DeleteByIdRequest>
   </soap:Body>
</soap:Envelope>
2020-12-06 18:43:35,643 INFO  [log] <soap:Envelope xmlns:soap="http://www.w3.org/2003/05/soap-envelope" xmlns:def="http://soap.upskills.in/soap/default?services=customerCustomerRepositoryV1">
   <soap:Header/>
   <soap:Body>
      <def:customerCustomerRepositoryV1DeleteByIdRequest>
         <customerId>6528</customerId>
      </def:customerCustomerRepositoryV1DeleteByIdRequest>
   </soap:Body>
</soap:Envelope>
2020-12-06 18:43:36,674 INFO  [SoapUITestCaseRunner] running step [SaveList]
2020-12-06 18:43:39,226 INFO  [SoapUITestCaseRunner] Assertion [SOAP Response] has status VALID
2020-12-06 18:43:39,227 INFO  [SoapUITestCaseRunner] Assertion [Contains] has status VALID
2020-12-06 18:43:39,227 INFO  [SoapUITestCaseRunner] Assertion [XPath Match] has status VALID
2020-12-06 18:43:39,228 INFO  [SoapUITestCaseRunner] Assertion [Invalid HTTP Status Codes] has status VALID
2020-12-06 18:43:39,228 INFO  [SoapUITestCaseRunner] Assertion [Valid HTTP Status Codes] has status VALID
2020-12-06 18:43:39,229 INFO  [SoapUITestCaseRunner] running step [GetList]
2020-12-06 18:44:03,183 INFO  [SoapUITestCaseRunner] Assertion [SOAP Response] has status VALID
2020-12-06 18:44:03,184 INFO  [SoapUITestCaseRunner] Assertion [Contains] has status VALID
2020-12-06 18:44:03,190 INFO  [SoapUITestCaseRunner] Assertion [Invalid HTTP Status Codes] has status VALID
2020-12-06 18:44:03,191 INFO  [SoapUITestCaseRunner] Assertion [Valid HTTP Status Codes] has status VALID
2020-12-06 18:44:03,191 INFO  [SoapUITestCaseRunner] running step [Property Transfer]
2020-12-06 18:44:03,194 INFO  [SoapUITestCaseRunner] running step [GetById]
2020-12-06 18:44:04,031 INFO  [SoapUITestCaseRunner] Assertion [SOAP Response] has status VALID
2020-12-06 18:44:04,032 INFO  [SoapUITestCaseRunner] Assertion [Contains] has status VALID
2020-12-06 18:44:04,032 INFO  [SoapUITestCaseRunner] Assertion [XPath Match] has status VALID
2020-12-06 18:44:04,033 INFO  [SoapUITestCaseRunner] Assertion [Invalid HTTP Status Codes] has status VALID
2020-12-06 18:44:04,033 INFO  [SoapUITestCaseRunner] Assertion [Valid HTTP Status Codes] has status VALID
2020-12-06 18:44:04,034 INFO  [SoapUITestCaseRunner] running step [Property Transfer1]
2020-12-06 18:44:04,037 INFO  [SoapUITestCaseRunner] running step [DeleteById]
2020-12-06 18:44:05,211 INFO  [SoapUITestCaseRunner] Assertion [SOAP Response] has status VALID
2020-12-06 18:44:05,212 INFO  [SoapUITestCaseRunner] Assertion [XPath Match] has status VALID
2020-12-06 18:44:05,212 INFO  [SoapUITestCaseRunner] Finished running SoapUI testcase [TestCase 1], time taken: 72837ms, status: FINISHED
2020-12-06 18:44:05,214 INFO  [SoapUITestCaseRunner] Project [SDET_SOAP_Assignment_CustomerRepository] finished with status [FINISHED] in 107540ms
